# JRE version: OpenJDK Runtime Environment (17.0.6) (build 17.0.6+0-b2043.56-9586694)
# Java VM: OpenJDK 64-Bit Server VM (17.0.6+0-b2043.56-9586694, mixed mode, tiered, compressed oops, compressed class ptrs, g1 gc, windows-amd64)
GC Precious Log:
 CPUs: 8 total, 8 available
 Memory: 10101M
 Large Page Support: Disabled
 NUMA Support: Disabled
 Compressed Oops: Enabled (32-bit)
 Heap Region Size: 1M
 Heap Min Capacity: 8M
 Heap Initial Capacity: 158M
 Heap Max Capacity: 2G
 Pre-touch: Disabled
 Parallel Workers: 8
 Concurrent Workers: 2
 Concurrent Refinement Workers: 8
 Periodic GC: Disabled
Heap:
 garbage-first heap   total 378880K, used 231409K [0x0000000080000000, 0x0000000100000000)
  region size 1024K, 122 young (124928K), 3 survivors (3072K)
 Metaspace       used 108534K, committed 109312K, reserved 1146880K
  class space    used 14372K, committed 14720K, reserved 1048576K
GC Heap History (20 events):
Event: 11.041 GC heap before
{Heap before GC invocations=39 (full 0):
 garbage-first heap   total 147456K, used 119713K [0x0000000080000000, 0x0000000100000000)
  region size 1024K, 34 young (34816K), 1 survivors (1024K)
 Metaspace       used 87651K, committed 88320K, reserved 1130496K
  class space    used 11804K, committed 12096K, reserved 1048576K
}
Event: 11.046 GC heap after
{Heap after GC invocations=40 (full 0):
 garbage-first heap   total 177152K, used 90027K [0x0000000080000000, 0x0000000100000000)
  region size 1024K, 5 young (5120K), 5 survivors (5120K)
 Metaspace       used 87651K, committed 88320K, reserved 1130496K
  class space    used 11804K, committed 12096K, reserved 1048576K
}
Event: 11.500 GC heap before
{Heap before GC invocations=41 (full 0):
 garbage-first heap   total 177152K, used 140203K [0x0000000080000000, 0x0000000100000000)
  region size 1024K, 55 young (56320K), 5 survivors (5120K)
 Metaspace       used 89587K, committed 90304K, reserved 1130496K
  class space    used 11984K, committed 12288K, reserved 1048576K
}
Event: 11.509 GC heap after
{Heap after GC invocations=42 (full 0):
 garbage-first heap   total 177152K, used 98884K [0x0000000080000000, 0x0000000100000000)
  region size 1024K, 7 young (7168K), 7 survivors (7168K)
 Metaspace       used 89587K, committed 90304K, reserved 1130496K
  class space    used 11984K, committed 12288K, reserved 1048576K
}
Event: 11.533 GC heap before
{Heap before GC invocations=42 (full 0):
 garbage-first heap   total 177152K, used 99908K [0x0000000080000000, 0x0000000100000000)
  region size 1024K, 8 young (8192K), 7 survivors (7168K)
 Metaspace       used 89738K, committed 90432K, reserved 1130496K
  class space    used 12011K, committed 12288K, reserved 1048576K
}
Event: 11.538 GC heap after
{Heap after GC invocations=43 (full 0):
 garbage-first heap   total 177152K, used 99703K [0x0000000080000000, 0x0000000100000000)
  region size 1024K, 1 young (1024K), 1 survivors (1024K)
 Metaspace       used 89738K, committed 90432K, reserved 1130496K
  class space    used 12011K, committed 12288K, reserved 1048576K
}
Event: 12.060 GC heap before
{Heap before GC invocations=43 (full 0):
 garbage-first heap   total 177152K, used 139639K [0x0000000080000000, 0x0000000100000000)
  region size 1024K, 41 young (41984K), 1 survivors (1024K)
 Metaspace       used 91678K, committed 92416K, reserved 1130496K
  class space    used 12411K, committed 12736K, reserved 1048576K
}
Event: 12.065 GC heap after
{Heap after GC invocations=44 (full 0):
 garbage-first heap   total 177152K, used 101595K [0x0000000080000000, 0x0000000100000000)
  region size 1024K, 3 young (3072K), 3 survivors (3072K)
 Metaspace       used 91678K, committed 92416K, reserved 1130496K
  class space    used 12411K, committed 12736K, reserved 1048576K
}
Event: 12.669 GC heap before
{Heap before GC invocations=45 (full 0):
 garbage-first heap   total 183296K, used 141531K [0x0000000080000000, 0x0000000100000000)
  region size 1024K, 43 young (44032K), 3 survivors (3072K)
 Metaspace       used 92384K, committed 93120K, reserved 1130496K
  class space    used 12472K, committed 12800K, reserved 1048576K
}
Event: 12.675 GC heap after
{Heap after GC invocations=46 (full 0):
 garbage-first heap   total 183296K, used 104466K [0x0000000080000000, 0x0000000100000000)
  region size 1024K, 6 young (6144K), 6 survivors (6144K)
 Metaspace       used 92384K, committed 93120K, reserved 1130496K
  class space    used 12472K, committed 12800K, reserved 1048576K
}
Event: 12.715 GC heap before
{Heap before GC invocations=46 (full 0):
 garbage-first heap   total 183296K, used 106514K [0x0000000080000000, 0x0000000100000000)
  region size 1024K, 8 young (8192K), 6 survivors (6144K)
 Metaspace       used 92426K, committed 93184K, reserved 1130496K
  class space    used 12474K, committed 12800K, reserved 1048576K
}
Event: 12.720 GC heap after
{Heap after GC invocations=47 (full 0):
 garbage-first heap   total 183296K, used 104437K [0x0000000080000000, 0x0000000100000000)
  region size 1024K, 1 young (1024K), 1 survivors (1024K)
 Metaspace       used 92426K, committed 93184K, reserved 1130496K
  class space    used 12474K, committed 12800K, reserved 1048576K
}
Event: 13.291 GC heap before
{Heap before GC invocations=47 (full 0):
 garbage-first heap   total 183296K, used 148469K [0x0000000080000000, 0x0000000100000000)
  region size 1024K, 45 young (46080K), 1 survivors (1024K)
 Metaspace       used 93817K, committed 94528K, reserved 1138688K
  class space    used 12660K, committed 12992K, reserved 1048576K
}
Event: 13.295 GC heap after
{Heap after GC invocations=48 (full 0):
 garbage-first heap   total 183296K, used 106270K [0x0000000080000000, 0x0000000100000000)
  region size 1024K, 3 young (3072K), 3 survivors (3072K)
 Metaspace       used 93817K, committed 94528K, reserved 1138688K
  class space    used 12660K, committed 12992K, reserved 1048576K
}
Event: 14.112 GC heap before
{Heap before GC invocations=49 (full 0):
 garbage-first heap   total 189440K, used 164638K [0x0000000080000000, 0x0000000100000000)
  region size 1024K, 47 young (48128K), 3 survivors (3072K)
 Metaspace       used 99257K, committed 100032K, reserved 1138688K
  class space    used 13408K, committed 13760K, reserved 1048576K
}
Event: 14.116 GC heap after
{Heap after GC invocations=50 (full 0):
 garbage-first heap   total 189440K, used 109337K [0x0000000080000000, 0x0000000100000000)
  region size 1024K, 6 young (6144K), 6 survivors (6144K)
 Metaspace       used 99257K, committed 100032K, reserved 1138688K
  class space    used 13408K, committed 13760K, reserved 1048576K
}
Event: 14.187 GC heap before
{Heap before GC invocations=50 (full 0):
 garbage-first heap   total 189440K, used 111385K [0x0000000080000000, 0x0000000100000000)
  region size 1024K, 9 young (9216K), 6 survivors (6144K)
 Metaspace       used 99856K, committed 100672K, reserved 1138688K
  class space    used 13487K, committed 13824K, reserved 1048576K
}
Event: 14.191 GC heap after
{Heap after GC invocations=51 (full 0):
 garbage-first heap   total 189440K, used 109718K [0x0000000080000000, 0x0000000100000000)
  region size 1024K, 1 young (1024K), 1 survivors (1024K)
 Metaspace       used 99856K, committed 100672K, reserved 1138688K
  class space    used 13487K, committed 13824K, reserved 1048576K
}
Event: 394.111 GC heap before
{Heap before GC invocations=51 (full 0):
 garbage-first heap   total 189440K, used 155798K [0x0000000080000000, 0x0000000100000000)
  region size 1024K, 47 young (48128K), 1 survivors (1024K)
 Metaspace       used 103789K, committed 104640K, reserved 1146880K
  class space    used 13819K, committed 14208K, reserved 1048576K
}
Event: 394.117 GC heap after
{Heap after GC invocations=52 (full 0):
 garbage-first heap   total 378880K, used 111601K [0x0000000080000000, 0x0000000100000000)
  region size 1024K, 3 young (3072K), 3 survivors (3072K)
 Metaspace       used 103789K, committed 104640K, reserved 1146880K
  class space    used 13819K, committed 14208K, reserved 1048576K
}

