# JRE version: OpenJDK Runtime Environment (17.0.6) (build 17.0.6+0-b2043.56-9586694)
# Java VM: OpenJDK 64-Bit Server VM (17.0.6+0-b2043.56-9586694, mixed mode, tiered, compressed oops, compressed class ptrs, g1 gc, windows-amd64)
GC Precious Log:
 CPUs: 8 total, 8 available
 Memory: 10101M
 Large Page Support: Disabled
 NUMA Support: Disabled
 Compressed Oops: Enabled (32-bit)
 Heap Region Size: 1M
 Heap Min Capacity: 8M
 Heap Initial Capacity: 158M
 Heap Max Capacity: 2G
 Pre-touch: Disabled
 Parallel Workers: 8
 Concurrent Workers: 2
 Concurrent Refinement Workers: 8
 Periodic GC: Disabled
Heap:
 garbage-first heap   total 326656K, used 236401K [0x0000000080000000, 0x0000000100000000)
  region size 1024K, 110 young (112640K), 18 survivors (18432K)
 Metaspace       used 119323K, committed 120384K, reserved 1155072K
  class space    used 15505K, committed 16000K, reserved 1048576K
GC Heap History (20 events):
Event: 13.628 GC heap before
{Heap before GC invocations=35 (full 0):
 garbage-first heap   total 158720K, used 127911K [0x0000000080000000, 0x0000000100000000)
  region size 1024K, 34 young (34816K), 1 survivors (1024K)
 Metaspace       used 95053K, committed 95744K, reserved 1138688K
  class space    used 12657K, committed 12992K, reserved 1048576K
}
Event: 13.634 GC heap after
{Heap after GC invocations=36 (full 0):
 garbage-first heap   total 158720K, used 101376K [0x0000000080000000, 0x0000000100000000)
  region size 1024K, 5 young (5120K), 5 survivors (5120K)
 Metaspace       used 95053K, committed 95744K, reserved 1138688K
  class space    used 12657K, committed 12992K, reserved 1048576K
}
Event: 14.087 GC heap before
{Heap before GC invocations=37 (full 0):
 garbage-first heap   total 176128K, used 126976K [0x0000000080000000, 0x0000000100000000)
  region size 1024K, 31 young (31744K), 5 survivors (5120K)
 Metaspace       used 97187K, committed 97920K, reserved 1138688K
  class space    used 13130K, committed 13504K, reserved 1048576K
}
Event: 14.093 GC heap after
{Heap after GC invocations=38 (full 0):
 garbage-first heap   total 176128K, used 104075K [0x0000000080000000, 0x0000000100000000)
  region size 1024K, 3 young (3072K), 3 survivors (3072K)
 Metaspace       used 97187K, committed 97920K, reserved 1138688K
  class space    used 13130K, committed 13504K, reserved 1048576K
}
Event: 14.143 GC heap before
{Heap before GC invocations=38 (full 0):
 garbage-first heap   total 176128K, used 108171K [0x0000000080000000, 0x0000000100000000)
  region size 1024K, 8 young (8192K), 3 survivors (3072K)
 Metaspace       used 97225K, committed 97984K, reserved 1138688K
  class space    used 13130K, committed 13504K, reserved 1048576K
}
Event: 14.145 GC heap after
{Heap after GC invocations=39 (full 0):
 garbage-first heap   total 176128K, used 103657K [0x0000000080000000, 0x0000000100000000)
  region size 1024K, 1 young (1024K), 1 survivors (1024K)
 Metaspace       used 97225K, committed 97984K, reserved 1138688K
  class space    used 13130K, committed 13504K, reserved 1048576K
}
Event: 14.810 GC heap before
{Heap before GC invocations=39 (full 0):
 garbage-first heap   total 176128K, used 142569K [0x0000000080000000, 0x0000000100000000)
  region size 1024K, 39 young (39936K), 1 survivors (1024K)
 Metaspace       used 100492K, committed 101248K, reserved 1138688K
  class space    used 13587K, committed 13952K, reserved 1048576K
}
Event: 14.815 GC heap after
{Heap after GC invocations=40 (full 0):
 garbage-first heap   total 326656K, used 110067K [0x0000000080000000, 0x0000000100000000)
  region size 1024K, 5 young (5120K), 5 survivors (5120K)
 Metaspace       used 100492K, committed 101248K, reserved 1138688K
  class space    used 13587K, committed 13952K, reserved 1048576K
}
Event: 18.095 GC heap before
{Heap before GC invocations=41 (full 0):
 garbage-first heap   total 326656K, used 261619K [0x0000000080000000, 0x0000000100000000)
  region size 1024K, 146 young (149504K), 5 survivors (5120K)
 Metaspace       used 109781K, committed 110528K, reserved 1146880K
  class space    used 14653K, committed 15040K, reserved 1048576K
}
Event: 18.105 GC heap after
{Heap after GC invocations=42 (full 0):
 garbage-first heap   total 326656K, used 119283K [0x0000000080000000, 0x0000000100000000)
  region size 1024K, 14 young (14336K), 14 survivors (14336K)
 Metaspace       used 109781K, committed 110528K, reserved 1146880K
  class space    used 14653K, committed 15040K, reserved 1048576K
}
Event: 18.111 GC heap before
{Heap before GC invocations=42 (full 0):
 garbage-first heap   total 326656K, used 120307K [0x0000000080000000, 0x0000000100000000)
  region size 1024K, 15 young (15360K), 14 survivors (14336K)
 Metaspace       used 109782K, committed 110528K, reserved 1146880K
  class space    used 14653K, committed 15040K, reserved 1048576K
}
Event: 18.118 GC heap after
{Heap after GC invocations=43 (full 0):
 garbage-first heap   total 326656K, used 120504K [0x0000000080000000, 0x0000000100000000)
  region size 1024K, 2 young (2048K), 2 survivors (2048K)
 Metaspace       used 109782K, committed 110528K, reserved 1146880K
  class space    used 14653K, committed 15040K, reserved 1048576K
}
Event: 924.375 GC heap before
{Heap before GC invocations=43 (full 0):
 garbage-first heap   total 326656K, used 257720K [0x0000000080000000, 0x0000000100000000)
  region size 1024K, 132 young (135168K), 2 survivors (2048K)
 Metaspace       used 116358K, committed 117120K, reserved 1155072K
  class space    used 15314K, committed 15680K, reserved 1048576K
}
Event: 924.386 GC heap after
{Heap after GC invocations=44 (full 0):
 garbage-first heap   total 326656K, used 132122K [0x0000000080000000, 0x0000000100000000)
  region size 1024K, 14 young (14336K), 14 survivors (14336K)
 Metaspace       used 116358K, committed 117120K, reserved 1155072K
  class space    used 15314K, committed 15680K, reserved 1048576K
}
Event: 996.616 GC heap before
{Heap before GC invocations=44 (full 0):
 garbage-first heap   total 326656K, used 269338K [0x0000000080000000, 0x0000000100000000)
  region size 1024K, 135 young (138240K), 14 survivors (14336K)
 Metaspace       used 117306K, committed 118144K, reserved 1155072K
  class space    used 15349K, committed 15744K, reserved 1048576K
}
Event: 996.622 GC heap after
{Heap after GC invocations=45 (full 0):
 garbage-first heap   total 326656K, used 126375K [0x0000000080000000, 0x0000000100000000)
  region size 1024K, 6 young (6144K), 6 survivors (6144K)
 Metaspace       used 117306K, committed 118144K, reserved 1155072K
  class space    used 15349K, committed 15744K, reserved 1048576K
}
Event: 1042.778 GC heap before
{Heap before GC invocations=45 (full 0):
 garbage-first heap   total 326656K, used 275879K [0x0000000080000000, 0x0000000100000000)
  region size 1024K, 139 young (142336K), 6 survivors (6144K)
 Metaspace       used 118354K, committed 119360K, reserved 1155072K
  class space    used 15436K, committed 15936K, reserved 1048576K
}
Event: 1042.782 GC heap after
{Heap after GC invocations=46 (full 0):
 garbage-first heap   total 326656K, used 123685K [0x0000000080000000, 0x0000000100000000)
  region size 1024K, 4 young (4096K), 4 survivors (4096K)
 Metaspace       used 118354K, committed 119360K, reserved 1155072K
  class space    used 15436K, committed 15936K, reserved 1048576K
}
Event: 1045.353 GC heap before
{Heap before GC invocations=46 (full 0):
 garbage-first heap   total 326656K, used 280357K [0x0000000080000000, 0x0000000100000000)
  region size 1024K, 138 young (141312K), 4 survivors (4096K)
 Metaspace       used 119052K, committed 120128K, reserved 1155072K
  class space    used 15496K, committed 16000K, reserved 1048576K
}
Event: 1045.370 GC heap after
{Heap after GC invocations=47 (full 0):
 garbage-first heap   total 326656K, used 142193K [0x0000000080000000, 0x0000000100000000)
  region size 1024K, 18 young (18432K), 18 survivors (18432K)
 Metaspace       used 119052K, committed 120128K, reserved 1155072K
  class space    used 15496K, committed 16000K, reserved 1048576K
}

