# JRE version: OpenJDK Runtime Environment (11.0.15) (build 11.0.15+0-b2043.56-9505619)
# Java VM: OpenJDK 64-Bit Server VM (11.0.15+0-b2043.56-9505619, mixed mode, tiered, compressed oops, g1 gc, windows-amd64)
Heap:
 garbage-first heap   total 194560K, used 125266K [0x0000000080000000, 0x0000000100000000)
  region size 1024K, 6 young (6144K), 3 survivors (3072K)
 Metaspace       used 116887K, capacity 120277K, committed 120368K, reserved 1153024K
  class space    used 14722K, capacity 15982K, committed 16000K, reserved 1048576K
GC Heap History (20 events):
Event: 19.871 GC heap before
{Heap before GC invocations=31 (full 0):
 garbage-first heap   total 161792K, used 132990K [0x0000000080000000, 0x0000000100000000)
  region size 1024K, 21 young (21504K), 2 survivors (2048K)
 Metaspace       used 102987K, capacity 106119K, committed 106288K, reserved 1140736K
  class space    used 13197K, capacity 14345K, committed 14464K, reserved 1048576K
}
Event: 19.875 GC heap after
{Heap after GC invocations=32 (full 0):
 garbage-first heap   total 161792K, used 115435K [0x0000000080000000, 0x0000000100000000)
  region size 1024K, 3 young (3072K), 3 survivors (3072K)
 Metaspace       used 102987K, capacity 106119K, committed 106288K, reserved 1140736K
  class space    used 13197K, capacity 14345K, committed 14464K, reserved 1048576K
}
Event: 20.575 GC heap before
{Heap before GC invocations=33 (full 0):
 garbage-first heap   total 161792K, used 133867K [0x0000000080000000, 0x0000000100000000)
  region size 1024K, 22 young (22528K), 3 survivors (3072K)
 Metaspace       used 103503K, capacity 106600K, committed 106800K, reserved 1142784K
  class space    used 13216K, capacity 14391K, committed 14464K, reserved 1048576K
}
Event: 20.580 GC heap after
{Heap after GC invocations=34 (full 0):
 garbage-first heap   total 161792K, used 116624K [0x0000000080000000, 0x0000000100000000)
  region size 1024K, 3 young (3072K), 3 survivors (3072K)
 Metaspace       used 103503K, capacity 106600K, committed 106800K, reserved 1142784K
  class space    used 13216K, capacity 14391K, committed 14464K, reserved 1048576K
}
Event: 20.635 GC heap before
{Heap before GC invocations=34 (full 0):
 garbage-first heap   total 161792K, used 119696K [0x0000000080000000, 0x0000000100000000)
  region size 1024K, 7 young (7168K), 3 survivors (3072K)
 Metaspace       used 103607K, capacity 106664K, committed 106800K, reserved 1142784K
  class space    used 13228K, capacity 14391K, committed 14464K, reserved 1048576K
}
Event: 20.640 GC heap after
{Heap after GC invocations=35 (full 0):
 garbage-first heap   total 161792K, used 115367K [0x0000000080000000, 0x0000000100000000)
  region size 1024K, 1 young (1024K), 1 survivors (1024K)
 Metaspace       used 103607K, capacity 106664K, committed 106800K, reserved 1142784K
  class space    used 13228K, capacity 14391K, committed 14464K, reserved 1048576K
}
Event: 20.917 GC heap before
{Heap before GC invocations=35 (full 0):
 garbage-first heap   total 161792K, used 134823K [0x0000000080000000, 0x0000000100000000)
  region size 1024K, 21 young (21504K), 1 survivors (1024K)
 Metaspace       used 104211K, capacity 107371K, committed 107696K, reserved 1142784K
  class space    used 13306K, capacity 14489K, committed 14592K, reserved 1048576K
}
Event: 20.923 GC heap after
{Heap after GC invocations=36 (full 0):
 garbage-first heap   total 194560K, used 115948K [0x0000000080000000, 0x0000000100000000)
  region size 1024K, 2 young (2048K), 2 survivors (2048K)
 Metaspace       used 104211K, capacity 107371K, committed 107696K, reserved 1142784K
  class space    used 13306K, capacity 14489K, committed 14592K, reserved 1048576K
}
Event: 21.866 GC heap before
{Heap before GC invocations=37 (full 0):
 garbage-first heap   total 194560K, used 150764K [0x0000000080000000, 0x0000000100000000)
  region size 1024K, 37 young (37888K), 2 survivors (2048K)
 Metaspace       used 106643K, capacity 109779K, committed 110000K, reserved 1144832K
  class space    used 13619K, capacity 14779K, committed 14848K, reserved 1048576K
}
Event: 21.869 GC heap after
{Heap after GC invocations=38 (full 0):
 garbage-first heap   total 194560K, used 116734K [0x0000000080000000, 0x0000000100000000)
  region size 1024K, 2 young (2048K), 2 survivors (2048K)
 Metaspace       used 106643K, capacity 109779K, committed 110000K, reserved 1144832K
  class space    used 13619K, capacity 14779K, committed 14848K, reserved 1048576K
}
Event: 22.057 GC heap before
{Heap before GC invocations=38 (full 0):
 garbage-first heap   total 194560K, used 123902K [0x0000000080000000, 0x0000000100000000)
  region size 1024K, 9 young (9216K), 2 survivors (2048K)
 Metaspace       used 107127K, capacity 110291K, committed 110640K, reserved 1144832K
  class space    used 13671K, capacity 14843K, committed 14976K, reserved 1048576K
}
Event: 22.061 GC heap after
{Heap after GC invocations=39 (full 0):
 garbage-first heap   total 194560K, used 116360K [0x0000000080000000, 0x0000000100000000)
  region size 1024K, 2 young (2048K), 2 survivors (2048K)
 Metaspace       used 107127K, capacity 110291K, committed 110640K, reserved 1144832K
  class space    used 13671K, capacity 14843K, committed 14976K, reserved 1048576K
}
Event: 25.938 GC heap before
{Heap before GC invocations=39 (full 0):
 garbage-first heap   total 194560K, used 153224K [0x0000000080000000, 0x0000000100000000)
  region size 1024K, 39 young (39936K), 2 survivors (2048K)
 Metaspace       used 108485K, capacity 111691K, committed 111792K, reserved 1146880K
  class space    used 13815K, capacity 15007K, committed 15104K, reserved 1048576K
}
Event: 25.943 GC heap after
{Heap after GC invocations=40 (full 0):
 garbage-first heap   total 194560K, used 119370K [0x0000000080000000, 0x0000000100000000)
  region size 1024K, 5 young (5120K), 5 survivors (5120K)
 Metaspace       used 108485K, capacity 111691K, committed 111792K, reserved 1146880K
  class space    used 13815K, capacity 15007K, committed 15104K, reserved 1048576K
}
Event: 26.759 GC heap before
{Heap before GC invocations=41 (full 0):
 garbage-first heap   total 194560K, used 157258K [0x0000000080000000, 0x0000000100000000)
  region size 1024K, 42 young (43008K), 5 survivors (5120K)
 Metaspace       used 111252K, capacity 114495K, committed 114608K, reserved 1148928K
  class space    used 14133K, capacity 15350K, committed 15360K, reserved 1048576K
}
Event: 26.765 GC heap after
{Heap after GC invocations=42 (full 0):
 garbage-first heap   total 194560K, used 122383K [0x0000000080000000, 0x0000000100000000)
  region size 1024K, 6 young (6144K), 6 survivors (6144K)
 Metaspace       used 111252K, capacity 114495K, committed 114608K, reserved 1148928K
  class space    used 14133K, capacity 15350K, committed 15360K, reserved 1048576K
}
Event: 26.835 GC heap before
{Heap before GC invocations=42 (full 0):
 garbage-first heap   total 194560K, used 124431K [0x0000000080000000, 0x0000000100000000)
  region size 1024K, 9 young (9216K), 6 survivors (6144K)
 Metaspace       used 111529K, capacity 114773K, committed 114992K, reserved 1148928K
  class space    used 14166K, capacity 15391K, committed 15488K, reserved 1048576K
}
Event: 26.840 GC heap after
{Heap after GC invocations=43 (full 0):
 garbage-first heap   total 194560K, used 122159K [0x0000000080000000, 0x0000000100000000)
  region size 1024K, 1 young (1024K), 1 survivors (1024K)
 Metaspace       used 111529K, capacity 114773K, committed 114992K, reserved 1148928K
  class space    used 14166K, capacity 15391K, committed 15488K, reserved 1048576K
}
Event: 44.117 GC heap before
{Heap before GC invocations=43 (full 0):
 garbage-first heap   total 194560K, used 157999K [0x0000000080000000, 0x0000000100000000)
  region size 1024K, 37 young (37888K), 1 survivors (1024K)
 Metaspace       used 116861K, capacity 120271K, committed 120368K, reserved 1153024K
  class space    used 14722K, capacity 15982K, committed 16000K, reserved 1048576K
}
Event: 44.124 GC heap after
{Heap after GC invocations=44 (full 0):
 garbage-first heap   total 194560K, used 123218K [0x0000000080000000, 0x0000000100000000)
  region size 1024K, 3 young (3072K), 3 survivors (3072K)
 Metaspace       used 116861K, capacity 120271K, committed 120368K, reserved 1153024K
  class space    used 14722K, capacity 15982K, committed 16000K, reserved 1048576K
}

